2022-09-08 09:21:39,732 D:\Users\pangxunzheng\PycharmProjects\AutoTest0906\utils\LogUtil.py INFO POST 请求: 用例编号：login_001， 用例名称：正常登录
2022-09-08 09:21:39,823 D:\Users\pangxunzheng\PycharmProjects\AutoTest0906\utils\LogUtil.py INFO POST 请求: 用例编号：login_002， 用例名称：用户名为空
2022-09-08 09:21:39,911 D:\Users\pangxunzheng\PycharmProjects\AutoTest0906\utils\LogUtil.py INFO POST 请求: 用例编号：login_003， 用例名称：密码为空
2022-09-08 09:21:39,991 D:\Users\pangxunzheng\PycharmProjects\AutoTest0906\utils\LogUtil.py INFO POST 请求: 用例编号：login_004， 用例名称：用户名错误
2022-09-08 09:21:40,073 D:\Users\pangxunzheng\PycharmProjects\AutoTest0906\utils\LogUtil.py INFO POST 请求: 用例编号：login_005， 用例名称：密码错误
2022-09-08 09:21:40,153 D:\Users\pangxunzheng\PycharmProjects\AutoTest0906\utils\LogUtil.py INFO POST 请求: 用例编号：， 用例名称：未登录秒杀
2022-09-08 09:28:31,731 D:\Users\pangxunzheng\PycharmProjects\AutoTest0906\utils\LogUtil.py INFO POST 请求: 用例编号：login_001， 用例名称：正常登录
2022-09-08 09:28:31,814 D:\Users\pangxunzheng\PycharmProjects\AutoTest0906\utils\LogUtil.py INFO POST 请求: 用例编号：login_002， 用例名称：用户名为空
2022-09-08 09:28:31,896 D:\Users\pangxunzheng\PycharmProjects\AutoTest0906\utils\LogUtil.py INFO POST 请求: 用例编号：login_003， 用例名称：密码为空
2022-09-08 09:28:31,980 D:\Users\pangxunzheng\PycharmProjects\AutoTest0906\utils\LogUtil.py INFO POST 请求: 用例编号：login_004， 用例名称：用户名错误
2022-09-08 09:28:32,062 D:\Users\pangxunzheng\PycharmProjects\AutoTest0906\utils\LogUtil.py INFO POST 请求: 用例编号：login_005， 用例名称：密码错误
2022-09-08 09:28:32,142 D:\Users\pangxunzheng\PycharmProjects\AutoTest0906\utils\LogUtil.py INFO POST 请求: 用例编号：， 用例名称：未登录秒杀
2022-09-08 09:41:34,461 D:\Users\pangxunzheng\PycharmProjects\AutoTest0906\utils\LogUtil.py INFO POST 请求: 用例编号：login_001， 用例名称：正常登录
2022-09-08 09:41:34,557 D:\Users\pangxunzheng\PycharmProjects\AutoTest0906\utils\LogUtil.py INFO POST 请求: 用例编号：login_002， 用例名称：用户名为空
2022-09-08 09:41:34,647 D:\Users\pangxunzheng\PycharmProjects\AutoTest0906\utils\LogUtil.py INFO POST 请求: 用例编号：login_003， 用例名称：密码为空
2022-09-08 09:41:34,732 D:\Users\pangxunzheng\PycharmProjects\AutoTest0906\utils\LogUtil.py INFO POST 请求: 用例编号：login_004， 用例名称：用户名错误
2022-09-08 09:41:34,822 D:\Users\pangxunzheng\PycharmProjects\AutoTest0906\utils\LogUtil.py INFO POST 请求: 用例编号：login_005， 用例名称：密码错误
2022-09-08 09:41:34,907 D:\Users\pangxunzheng\PycharmProjects\AutoTest0906\utils\LogUtil.py INFO POST 请求: 用例编号：login_006， 用例名称：未登录秒杀
2022-09-08 10:39:39,961 D:\Users\pangxunzheng\PycharmProjects\AutoTest0906\utils\LogUtil.py INFO POST 请求: 用例编号：login_001， 用例名称：正常登录
2022-09-08 10:39:40,048 D:\Users\pangxunzheng\PycharmProjects\AutoTest0906\utils\LogUtil.py INFO POST 请求: 用例编号：login_002， 用例名称：用户名为空
2022-09-08 10:39:40,137 D:\Users\pangxunzheng\PycharmProjects\AutoTest0906\utils\LogUtil.py INFO POST 请求: 用例编号：login_003， 用例名称：密码为空
2022-09-08 10:39:40,218 D:\Users\pangxunzheng\PycharmProjects\AutoTest0906\utils\LogUtil.py INFO POST 请求: 用例编号：login_004， 用例名称：用户名错误
2022-09-08 10:39:40,293 D:\Users\pangxunzheng\PycharmProjects\AutoTest0906\utils\LogUtil.py INFO POST 请求: 用例编号：login_005， 用例名称：密码错误
2022-09-08 10:39:40,376 D:\Users\pangxunzheng\PycharmProjects\AutoTest0906\utils\LogUtil.py INFO POST 请求: 用例编号：login_006， 用例名称：未登录秒杀
2022-09-08 10:39:40,453 D:\Users\pangxunzheng\PycharmProjects\AutoTest0906\utils\LogUtil.py INFO POST 请求: 用例编号：login_007， 用例名称：登录秒杀
